The system is: Darwin - 17.4.0 - x86_64
Compiling the C compiler identification source file "CMakeCCompilerId.c" succeeded.
Compiler: /Library/Developer/CommandLineTools/usr/bin/cc 
Build flags: 
Id flags:  

The output was:
0


Compilation of the C compiler identification source "CMakeCCompilerId.c" produced "a.out"

The C compiler identification is AppleClang, found in "/Users/lishixuan/Documents/Classes/CS 184/Projects/CS_184_Final_Project/build/CMakeFiles/3.10.2/CompilerIdC/a.out"

Compiling the CXX compiler identification source file "CMakeCXXCompilerId.cpp" succeeded.
Compiler: /Library/Developer/CommandLineTools/usr/bin/c++ 
Build flags: 
Id flags:  

The output was:
0


Compilation of the CXX compiler identification source "CMakeCXXCompilerId.cpp" produced "a.out"

The CXX compiler identification is AppleClang, found in "/Users/lishixuan/Documents/Classes/CS 184/Projects/CS_184_Final_Project/build/CMakeFiles/3.10.2/CompilerIdCXX/a.out"

Determining if the C compiler works passed with the following output:
Change Dir: /Users/lishixuan/Documents/Classes/CS 184/Projects/CS_184_Final_Project/build/CMakeFiles/CMakeTmp

Run Build Command:"/usr/bin/make" "cmTC_594c4/fast"
/Library/Developer/CommandLineTools/usr/bin/make -f CMakeFiles/cmTC_594c4.dir/build.make CMakeFiles/cmTC_594c4.dir/build
Building C object CMakeFiles/cmTC_594c4.dir/testCCompiler.c.o
/Library/Developer/CommandLineTools/usr/bin/cc    -o CMakeFiles/cmTC_594c4.dir/testCCompiler.c.o   -c "/Users/lishixuan/Documents/Classes/CS 184/Projects/CS_184_Final_Project/build/CMakeFiles/CMakeTmp/testCCompiler.c"
Linking C executable cmTC_594c4
/usr/local/Cellar/cmake/3.10.2/bin/cmake -E cmake_link_script CMakeFiles/cmTC_594c4.dir/link.txt --verbose=1
/Library/Developer/CommandLineTools/usr/bin/cc   -Wl,-search_paths_first -Wl,-headerpad_max_install_names   CMakeFiles/cmTC_594c4.dir/testCCompiler.c.o  -o cmTC_594c4 


Detecting C compiler ABI info compiled with the following output:
Change Dir: /Users/lishixuan/Documents/Classes/CS 184/Projects/CS_184_Final_Project/build/CMakeFiles/CMakeTmp

Run Build Command:"/usr/bin/make" "cmTC_f2402/fast"
/Library/Developer/CommandLineTools/usr/bin/make -f CMakeFiles/cmTC_f2402.dir/build.make CMakeFiles/cmTC_f2402.dir/build
Building C object CMakeFiles/cmTC_f2402.dir/CMakeCCompilerABI.c.o
/Library/Developer/CommandLineTools/usr/bin/cc    -o CMakeFiles/cmTC_f2402.dir/CMakeCCompilerABI.c.o   -c /usr/local/Cellar/cmake/3.10.2/share/cmake/Modules/CMakeCCompilerABI.c
Linking C executable cmTC_f2402
/usr/local/Cellar/cmake/3.10.2/bin/cmake -E cmake_link_script CMakeFiles/cmTC_f2402.dir/link.txt --verbose=1
/Library/Developer/CommandLineTools/usr/bin/cc   -Wl,-search_paths_first -Wl,-headerpad_max_install_names  -v -Wl,-v CMakeFiles/cmTC_f2402.dir/CMakeCCompilerABI.c.o  -o cmTC_f2402 
Apple LLVM version 9.0.0 (clang-900.0.39.2)
Target: x86_64-apple-darwin17.4.0
Thread model: posix
InstalledDir: /Library/Developer/CommandLineTools/usr/bin
 "/Library/Developer/CommandLineTools/usr/bin/ld" -demangle -lto_library /Library/Developer/CommandLineTools/usr/lib/libLTO.dylib -dynamic -arch x86_64 -macosx_version_min 10.13.0 -o cmTC_f2402 -search_paths_first -headerpad_max_install_names -v CMakeFiles/cmTC_f2402.dir/CMakeCCompilerABI.c.o -lSystem /Library/Developer/CommandLineTools/usr/lib/clang/9.0.0/lib/darwin/libclang_rt.osx.a
@(#)PROGRAM:ld  PROJECT:ld64-305
configured to support archs: armv6 armv7 armv7s arm64 i386 x86_64 x86_64h armv6m armv7k armv7m armv7em (tvOS)
Library search paths:
	/usr/lib
	/usr/local/lib
Framework search paths:
	/Library/Frameworks/
	/System/Library/Frameworks/


Parsed C implicit link information from above output:
  link line regex: [^( *|.*[/\])(ld|CMAKE_LINK_STARTFILE-NOTFOUND|([^/\]+-)?ld|collect2)[^/\]*( |$)]
  ignore line: [Change Dir: /Users/lishixuan/Documents/Classes/CS 184/Projects/CS_184_Final_Project/build/CMakeFiles/CMakeTmp]
  ignore line: []
  ignore line: [Run Build Command:"/usr/bin/make" "cmTC_f2402/fast"]
  ignore line: [/Library/Developer/CommandLineTools/usr/bin/make -f CMakeFiles/cmTC_f2402.dir/build.make CMakeFiles/cmTC_f2402.dir/build]
  ignore line: [Building C object CMakeFiles/cmTC_f2402.dir/CMakeCCompilerABI.c.o]
  ignore line: [/Library/Developer/CommandLineTools/usr/bin/cc    -o CMakeFiles/cmTC_f2402.dir/CMakeCCompilerABI.c.o   -c /usr/local/Cellar/cmake/3.10.2/share/cmake/Modules/CMakeCCompilerABI.c]
  ignore line: [Linking C executable cmTC_f2402]
  ignore line: [/usr/local/Cellar/cmake/3.10.2/bin/cmake -E cmake_link_script CMakeFiles/cmTC_f2402.dir/link.txt --verbose=1]
  ignore line: [/Library/Developer/CommandLineTools/usr/bin/cc   -Wl,-search_paths_first -Wl,-headerpad_max_install_names  -v -Wl,-v CMakeFiles/cmTC_f2402.dir/CMakeCCompilerABI.c.o  -o cmTC_f2402 ]
  ignore line: [Apple LLVM version 9.0.0 (clang-900.0.39.2)]
  ignore line: [Target: x86_64-apple-darwin17.4.0]
  ignore line: [Thread model: posix]
  ignore line: [InstalledDir: /Library/Developer/CommandLineTools/usr/bin]
  link line: [ "/Library/Developer/CommandLineTools/usr/bin/ld" -demangle -lto_library /Library/Developer/CommandLineTools/usr/lib/libLTO.dylib -dynamic -arch x86_64 -macosx_version_min 10.13.0 -o cmTC_f2402 -search_paths_first -headerpad_max_install_names -v CMakeFiles/cmTC_f2402.dir/CMakeCCompilerABI.c.o -lSystem /Library/Developer/CommandLineTools/usr/lib/clang/9.0.0/lib/darwin/libclang_rt.osx.a]
    arg [/Library/Developer/CommandLineTools/usr/bin/ld] ==> ignore
    arg [-demangle] ==> ignore
    arg [-lto_library] ==> ignore, skip following value
    arg [/Library/Developer/CommandLineTools/usr/lib/libLTO.dylib] ==> skip value of -lto_library
    arg [-dynamic] ==> ignore
    arg [-arch] ==> ignore
    arg [x86_64] ==> ignore
    arg [-macosx_version_min] ==> ignore
    arg [10.13.0] ==> ignore
    arg [-o] ==> ignore
    arg [cmTC_f2402] ==> ignore
    arg [-search_paths_first] ==> ignore
    arg [-headerpad_max_install_names] ==> ignore
    arg [-v] ==> ignore
    arg [CMakeFiles/cmTC_f2402.dir/CMakeCCompilerABI.c.o] ==> ignore
    arg [-lSystem] ==> lib [System]
    arg [/Library/Developer/CommandLineTools/usr/lib/clang/9.0.0/lib/darwin/libclang_rt.osx.a] ==> lib [/Library/Developer/CommandLineTools/usr/lib/clang/9.0.0/lib/darwin/libclang_rt.osx.a]
  Library search paths: [;/usr/lib;/usr/local/lib]
  Framework search paths: [;/Library/Frameworks/;/System/Library/Frameworks/]
  remove lib [System]
  remove lib [/Library/Developer/CommandLineTools/usr/lib/clang/9.0.0/lib/darwin/libclang_rt.osx.a]
  collapse library dir [/usr/lib] ==> [/usr/lib]
  collapse library dir [/usr/local/lib] ==> [/usr/local/lib]
  collapse framework dir [/Library/Frameworks/] ==> [/Library/Frameworks]
  collapse framework dir [/System/Library/Frameworks/] ==> [/System/Library/Frameworks]
  implicit libs: []
  implicit dirs: [/usr/lib;/usr/local/lib]
  implicit fwks: [/Library/Frameworks;/System/Library/Frameworks]




Detecting C [-std=c11] compiler features compiled with the following output:
Change Dir: /Users/lishixuan/Documents/Classes/CS 184/Projects/CS_184_Final_Project/build/CMakeFiles/CMakeTmp

Run Build Command:"/usr/bin/make" "cmTC_05487/fast"
/Library/Developer/CommandLineTools/usr/bin/make -f CMakeFiles/cmTC_05487.dir/build.make CMakeFiles/cmTC_05487.dir/build
Building C object CMakeFiles/cmTC_05487.dir/feature_tests.c.o
/Library/Developer/CommandLineTools/usr/bin/cc   -std=c11 -o CMakeFiles/cmTC_05487.dir/feature_tests.c.o   -c "/Users/lishixuan/Documents/Classes/CS 184/Projects/CS_184_Final_Project/build/CMakeFiles/feature_tests.c"
Linking C executable cmTC_05487
/usr/local/Cellar/cmake/3.10.2/bin/cmake -E cmake_link_script CMakeFiles/cmTC_05487.dir/link.txt --verbose=1
/Library/Developer/CommandLineTools/usr/bin/cc   -Wl,-search_paths_first -Wl,-headerpad_max_install_names   CMakeFiles/cmTC_05487.dir/feature_tests.c.o  -o cmTC_05487 


    Feature record: C_FEATURE:1c_function_prototypes
    Feature record: C_FEATURE:1c_restrict
    Feature record: C_FEATURE:1c_static_assert
    Feature record: C_FEATURE:1c_variadic_macros


Detecting C [-std=c99] compiler features compiled with the following output:
Change Dir: /Users/lishixuan/Documents/Classes/CS 184/Projects/CS_184_Final_Project/build/CMakeFiles/CMakeTmp

Run Build Command:"/usr/bin/make" "cmTC_edbb5/fast"
/Library/Developer/CommandLineTools/usr/bin/make -f CMakeFiles/cmTC_edbb5.dir/build.make CMakeFiles/cmTC_edbb5.dir/build
Building C object CMakeFiles/cmTC_edbb5.dir/feature_tests.c.o
/Library/Developer/CommandLineTools/usr/bin/cc   -std=c99 -o CMakeFiles/cmTC_edbb5.dir/feature_tests.c.o   -c "/Users/lishixuan/Documents/Classes/CS 184/Projects/CS_184_Final_Project/build/CMakeFiles/feature_tests.c"
Linking C executable cmTC_edbb5
/usr/local/Cellar/cmake/3.10.2/bin/cmake -E cmake_link_script CMakeFiles/cmTC_edbb5.dir/link.txt --verbose=1
/Library/Developer/CommandLineTools/usr/bin/cc   -Wl,-search_paths_first -Wl,-headerpad_max_install_names   CMakeFiles/cmTC_edbb5.dir/feature_tests.c.o  -o cmTC_edbb5 


    Feature record: C_FEATURE:1c_function_prototypes
    Feature record: C_FEATURE:1c_restrict
    Feature record: C_FEATURE:0c_static_assert
    Feature record: C_FEATURE:1c_variadic_macros


Detecting C [-std=c90] compiler features compiled with the following output:
Change Dir: /Users/lishixuan/Documents/Classes/CS 184/Projects/CS_184_Final_Project/build/CMakeFiles/CMakeTmp

Run Build Command:"/usr/bin/make" "cmTC_0c749/fast"
/Library/Developer/CommandLineTools/usr/bin/make -f CMakeFiles/cmTC_0c749.dir/build.make CMakeFiles/cmTC_0c749.dir/build
Building C object CMakeFiles/cmTC_0c749.dir/feature_tests.c.o
/Library/Developer/CommandLineTools/usr/bin/cc   -std=c90 -o CMakeFiles/cmTC_0c749.dir/feature_tests.c.o   -c "/Users/lishixuan/Documents/Classes/CS 184/Projects/CS_184_Final_Project/build/CMakeFiles/feature_tests.c"
Linking C executable cmTC_0c749
/usr/local/Cellar/cmake/3.10.2/bin/cmake -E cmake_link_script CMakeFiles/cmTC_0c749.dir/link.txt --verbose=1
/Library/Developer/CommandLineTools/usr/bin/cc   -Wl,-search_paths_first -Wl,-headerpad_max_install_names   CMakeFiles/cmTC_0c749.dir/feature_tests.c.o  -o cmTC_0c749 


    Feature record: C_FEATURE:1c_function_prototypes
    Feature record: C_FEATURE:0c_restrict
    Feature record: C_FEATURE:0c_static_assert
    Feature record: C_FEATURE:0c_variadic_macros
Determining if the CXX compiler works passed with the following output:
Change Dir: /Users/lishixuan/Documents/Classes/CS 184/Projects/CS_184_Final_Project/build/CMakeFiles/CMakeTmp

Run Build Command:"/usr/bin/make" "cmTC_229f0/fast"
/Library/Developer/CommandLineTools/usr/bin/make -f CMakeFiles/cmTC_229f0.dir/build.make CMakeFiles/cmTC_229f0.dir/build
Building CXX object CMakeFiles/cmTC_229f0.dir/testCXXCompiler.cxx.o
/Library/Developer/CommandLineTools/usr/bin/c++     -o CMakeFiles/cmTC_229f0.dir/testCXXCompiler.cxx.o -c "/Users/lishixuan/Documents/Classes/CS 184/Projects/CS_184_Final_Project/build/CMakeFiles/CMakeTmp/testCXXCompiler.cxx"
Linking CXX executable cmTC_229f0
/usr/local/Cellar/cmake/3.10.2/bin/cmake -E cmake_link_script CMakeFiles/cmTC_229f0.dir/link.txt --verbose=1
/Library/Developer/CommandLineTools/usr/bin/c++    -Wl,-search_paths_first -Wl,-headerpad_max_install_names   CMakeFiles/cmTC_229f0.dir/testCXXCompiler.cxx.o  -o cmTC_229f0 


Detecting CXX compiler ABI info compiled with the following output:
Change Dir: /Users/lishixuan/Documents/Classes/CS 184/Projects/CS_184_Final_Project/build/CMakeFiles/CMakeTmp

Run Build Command:"/usr/bin/make" "cmTC_12f61/fast"
/Library/Developer/CommandLineTools/usr/bin/make -f CMakeFiles/cmTC_12f61.dir/build.make CMakeFiles/cmTC_12f61.dir/build
Building CXX object CMakeFiles/cmTC_12f61.dir/CMakeCXXCompilerABI.cpp.o
/Library/Developer/CommandLineTools/usr/bin/c++     -o CMakeFiles/cmTC_12f61.dir/CMakeCXXCompilerABI.cpp.o -c /usr/local/Cellar/cmake/3.10.2/share/cmake/Modules/CMakeCXXCompilerABI.cpp
Linking CXX executable cmTC_12f61
/usr/local/Cellar/cmake/3.10.2/bin/cmake -E cmake_link_script CMakeFiles/cmTC_12f61.dir/link.txt --verbose=1
/Library/Developer/CommandLineTools/usr/bin/c++    -Wl,-search_paths_first -Wl,-headerpad_max_install_names  -v -Wl,-v CMakeFiles/cmTC_12f61.dir/CMakeCXXCompilerABI.cpp.o  -o cmTC_12f61 
Apple LLVM version 9.0.0 (clang-900.0.39.2)
Target: x86_64-apple-darwin17.4.0
Thread model: posix
InstalledDir: /Library/Developer/CommandLineTools/usr/bin
 "/Library/Developer/CommandLineTools/usr/bin/ld" -demangle -lto_library /Library/Developer/CommandLineTools/usr/lib/libLTO.dylib -dynamic -arch x86_64 -macosx_version_min 10.13.0 -o cmTC_12f61 -search_paths_first -headerpad_max_install_names -v CMakeFiles/cmTC_12f61.dir/CMakeCXXCompilerABI.cpp.o -lc++ -lSystem /Library/Developer/CommandLineTools/usr/lib/clang/9.0.0/lib/darwin/libclang_rt.osx.a
@(#)PROGRAM:ld  PROJECT:ld64-305
configured to support archs: armv6 armv7 armv7s arm64 i386 x86_64 x86_64h armv6m armv7k armv7m armv7em (tvOS)
Library search paths:
	/usr/lib
	/usr/local/lib
Framework search paths:
	/Library/Frameworks/
	/System/Library/Frameworks/


Parsed CXX implicit link information from above output:
  link line regex: [^( *|.*[/\])(ld|CMAKE_LINK_STARTFILE-NOTFOUND|([^/\]+-)?ld|collect2)[^/\]*( |$)]
  ignore line: [Change Dir: /Users/lishixuan/Documents/Classes/CS 184/Projects/CS_184_Final_Project/build/CMakeFiles/CMakeTmp]
  ignore line: []
  ignore line: [Run Build Command:"/usr/bin/make" "cmTC_12f61/fast"]
  ignore line: [/Library/Developer/CommandLineTools/usr/bin/make -f CMakeFiles/cmTC_12f61.dir/build.make CMakeFiles/cmTC_12f61.dir/build]
  ignore line: [Building CXX object CMakeFiles/cmTC_12f61.dir/CMakeCXXCompilerABI.cpp.o]
  ignore line: [/Library/Developer/CommandLineTools/usr/bin/c++     -o CMakeFiles/cmTC_12f61.dir/CMakeCXXCompilerABI.cpp.o -c /usr/local/Cellar/cmake/3.10.2/share/cmake/Modules/CMakeCXXCompilerABI.cpp]
  ignore line: [Linking CXX executable cmTC_12f61]
  ignore line: [/usr/local/Cellar/cmake/3.10.2/bin/cmake -E cmake_link_script CMakeFiles/cmTC_12f61.dir/link.txt --verbose=1]
  ignore line: [/Library/Developer/CommandLineTools/usr/bin/c++    -Wl,-search_paths_first -Wl,-headerpad_max_install_names  -v -Wl,-v CMakeFiles/cmTC_12f61.dir/CMakeCXXCompilerABI.cpp.o  -o cmTC_12f61 ]
  ignore line: [Apple LLVM version 9.0.0 (clang-900.0.39.2)]
  ignore line: [Target: x86_64-apple-darwin17.4.0]
  ignore line: [Thread model: posix]
  ignore line: [InstalledDir: /Library/Developer/CommandLineTools/usr/bin]
  link line: [ "/Library/Developer/CommandLineTools/usr/bin/ld" -demangle -lto_library /Library/Developer/CommandLineTools/usr/lib/libLTO.dylib -dynamic -arch x86_64 -macosx_version_min 10.13.0 -o cmTC_12f61 -search_paths_first -headerpad_max_install_names -v CMakeFiles/cmTC_12f61.dir/CMakeCXXCompilerABI.cpp.o -lc++ -lSystem /Library/Developer/CommandLineTools/usr/lib/clang/9.0.0/lib/darwin/libclang_rt.osx.a]
    arg [/Library/Developer/CommandLineTools/usr/bin/ld] ==> ignore
    arg [-demangle] ==> ignore
    arg [-lto_library] ==> ignore, skip following value
    arg [/Library/Developer/CommandLineTools/usr/lib/libLTO.dylib] ==> skip value of -lto_library
    arg [-dynamic] ==> ignore
    arg [-arch] ==> ignore
    arg [x86_64] ==> ignore
    arg [-macosx_version_min] ==> ignore
    arg [10.13.0] ==> ignore
    arg [-o] ==> ignore
    arg [cmTC_12f61] ==> ignore
    arg [-search_paths_first] ==> ignore
    arg [-headerpad_max_install_names] ==> ignore
    arg [-v] ==> ignore
    arg [CMakeFiles/cmTC_12f61.dir/CMakeCXXCompilerABI.cpp.o] ==> ignore
    arg [-lc++] ==> lib [c++]
    arg [-lSystem] ==> lib [System]
    arg [/Library/Developer/CommandLineTools/usr/lib/clang/9.0.0/lib/darwin/libclang_rt.osx.a] ==> lib [/Library/Developer/CommandLineTools/usr/lib/clang/9.0.0/lib/darwin/libclang_rt.osx.a]
  Library search paths: [;/usr/lib;/usr/local/lib]
  Framework search paths: [;/Library/Frameworks/;/System/Library/Frameworks/]
  remove lib [System]
  remove lib [/Library/Developer/CommandLineTools/usr/lib/clang/9.0.0/lib/darwin/libclang_rt.osx.a]
  collapse library dir [/usr/lib] ==> [/usr/lib]
  collapse library dir [/usr/local/lib] ==> [/usr/local/lib]
  collapse framework dir [/Library/Frameworks/] ==> [/Library/Frameworks]
  collapse framework dir [/System/Library/Frameworks/] ==> [/System/Library/Frameworks]
  implicit libs: [c++]
  implicit dirs: [/usr/lib;/usr/local/lib]
  implicit fwks: [/Library/Frameworks;/System/Library/Frameworks]




Detecting CXX [-std=c++1z] compiler features compiled with the following output:
Change Dir: /Users/lishixuan/Documents/Classes/CS 184/Projects/CS_184_Final_Project/build/CMakeFiles/CMakeTmp

Run Build Command:"/usr/bin/make" "cmTC_3a961/fast"
/Library/Developer/CommandLineTools/usr/bin/make -f CMakeFiles/cmTC_3a961.dir/build.make CMakeFiles/cmTC_3a961.dir/build
Building CXX object CMakeFiles/cmTC_3a961.dir/feature_tests.cxx.o
/Library/Developer/CommandLineTools/usr/bin/c++    -std=c++1z -o CMakeFiles/cmTC_3a961.dir/feature_tests.cxx.o -c "/Users/lishixuan/Documents/Classes/CS 184/Projects/CS_184_Final_Project/build/CMakeFiles/feature_tests.cxx"
Linking CXX executable cmTC_3a961
/usr/local/Cellar/cmake/3.10.2/bin/cmake -E cmake_link_script CMakeFiles/cmTC_3a961.dir/link.txt --verbose=1
/Library/Developer/CommandLineTools/usr/bin/c++    -Wl,-search_paths_first -Wl,-headerpad_max_install_names   CMakeFiles/cmTC_3a961.dir/feature_tests.cxx.o  -o cmTC_3a961 


    Feature record: CXX_FEATURE:1cxx_aggregate_default_initializers
    Feature record: CXX_FEATURE:1cxx_alias_templates
    Feature record: CXX_FEATURE:1cxx_alignas
    Feature record: CXX_FEATURE:1cxx_alignof
    Feature record: CXX_FEATURE:1cxx_attributes
    Feature record: CXX_FEATURE:1cxx_attribute_deprecated
    Feature record: CXX_FEATURE:1cxx_auto_type
    Feature record: CXX_FEATURE:1cxx_binary_literals
    Feature record: CXX_FEATURE:1cxx_constexpr
    Feature record: CXX_FEATURE:1cxx_contextual_conversions
    Feature record: CXX_FEATURE:1cxx_decltype
    Feature record: CXX_FEATURE:1cxx_decltype_auto
    Feature record: CXX_FEATURE:1cxx_decltype_incomplete_return_types
    Feature record: CXX_FEATURE:1cxx_default_function_template_args
    Feature record: CXX_FEATURE:1cxx_defaulted_functions
    Feature record: CXX_FEATURE:1cxx_defaulted_move_initializers
    Feature record: CXX_FEATURE:1cxx_delegating_constructors
    Feature record: CXX_FEATURE:1cxx_deleted_functions
    Feature record: CXX_FEATURE:1cxx_digit_separators
    Feature record: CXX_FEATURE:1cxx_enum_forward_declarations
    Feature record: CXX_FEATURE:1cxx_explicit_conversions
    Feature record: CXX_FEATURE:1cxx_extended_friend_declarations
    Feature record: CXX_FEATURE:1cxx_extern_templates
    Feature record: CXX_FEATURE:1cxx_final
    Feature record: CXX_FEATURE:1cxx_func_identifier
    Feature record: CXX_FEATURE:1cxx_generalized_initializers
    Feature record: CXX_FEATURE:1cxx_generic_lambdas
    Feature record: CXX_FEATURE:1cxx_inheriting_constructors
    Feature record: CXX_FEATURE:1cxx_inline_namespaces
    Feature record: CXX_FEATURE:1cxx_lambdas
    Feature record: CXX_FEATURE:1cxx_lambda_init_captures
    Feature record: CXX_FEATURE:1cxx_local_type_template_args
    Feature record: CXX_FEATURE:1cxx_long_long_type
    Feature record: CXX_FEATURE:1cxx_noexcept
    Feature record: CXX_FEATURE:1cxx_nonstatic_member_init
    Feature record: CXX_FEATURE:1cxx_nullptr
    Feature record: CXX_FEATURE:1cxx_override
    Feature record: CXX_FEATURE:1cxx_range_for
    Feature record: CXX_FEATURE:1cxx_raw_string_literals
    Feature record: CXX_FEATURE:1cxx_reference_qualified_functions
    Feature record: CXX_FEATURE:1cxx_relaxed_constexpr
    Feature record: CXX_FEATURE:1cxx_return_type_deduction
    Feature record: CXX_FEATURE:1cxx_right_angle_brackets
    Feature record: CXX_FEATURE:1cxx_rvalue_references
    Feature record: CXX_FEATURE:1cxx_sizeof_member
    Feature record: CXX_FEATURE:1cxx_static_assert
    Feature record: CXX_FEATURE:1cxx_strong_enums
    Feature record: CXX_FEATURE:1cxx_template_template_parameters
    Feature record: CXX_FEATURE:1cxx_thread_local
    Feature record: CXX_FEATURE:1cxx_trailing_return_types
    Feature record: CXX_FEATURE:1cxx_unicode_literals
    Feature record: CXX_FEATURE:1cxx_uniform_initialization
    Feature record: CXX_FEATURE:1cxx_unrestricted_unions
    Feature record: CXX_FEATURE:1cxx_user_literals
    Feature record: CXX_FEATURE:1cxx_variable_templates
    Feature record: CXX_FEATURE:1cxx_variadic_macros
    Feature record: CXX_FEATURE:1cxx_variadic_templates


Detecting CXX [-std=c++14] compiler features compiled with the following output:
Change Dir: /Users/lishixuan/Documents/Classes/CS 184/Projects/CS_184_Final_Project/build/CMakeFiles/CMakeTmp

Run Build Command:"/usr/bin/make" "cmTC_0cc03/fast"
/Library/Developer/CommandLineTools/usr/bin/make -f CMakeFiles/cmTC_0cc03.dir/build.make CMakeFiles/cmTC_0cc03.dir/build
Building CXX object CMakeFiles/cmTC_0cc03.dir/feature_tests.cxx.o
/Library/Developer/CommandLineTools/usr/bin/c++    -std=c++14 -o CMakeFiles/cmTC_0cc03.dir/feature_tests.cxx.o -c "/Users/lishixuan/Documents/Classes/CS 184/Projects/CS_184_Final_Project/build/CMakeFiles/feature_tests.cxx"
Linking CXX executable cmTC_0cc03
/usr/local/Cellar/cmake/3.10.2/bin/cmake -E cmake_link_script CMakeFiles/cmTC_0cc03.dir/link.txt --verbose=1
/Library/Developer/CommandLineTools/usr/bin/c++    -Wl,-search_paths_first -Wl,-headerpad_max_install_names   CMakeFiles/cmTC_0cc03.dir/feature_tests.cxx.o  -o cmTC_0cc03 


    Feature record: CXX_FEATURE:1cxx_aggregate_default_initializers
    Feature record: CXX_FEATURE:1cxx_alias_templates
    Feature record: CXX_FEATURE:1cxx_alignas
    Feature record: CXX_FEATURE:1cxx_alignof
    Feature record: CXX_FEATURE:1cxx_attributes
    Feature record: CXX_FEATURE:1cxx_attribute_deprecated
    Feature record: CXX_FEATURE:1cxx_auto_type
    Feature record: CXX_FEATURE:1cxx_binary_literals
    Feature record: CXX_FEATURE:1cxx_constexpr
    Feature record: CXX_FEATURE:1cxx_contextual_conversions
    Feature record: CXX_FEATURE:1cxx_decltype
    Feature record: CXX_FEATURE:1cxx_decltype_auto
    Feature record: CXX_FEATURE:1cxx_decltype_incomplete_return_types
    Feature record: CXX_FEATURE:1cxx_default_function_template_args
    Feature record: CXX_FEATURE:1cxx_defaulted_functions
    Feature record: CXX_FEATURE:1cxx_defaulted_move_initializers
    Feature record: CXX_FEATURE:1cxx_delegating_constructors
    Feature record: CXX_FEATURE:1cxx_deleted_functions
    Feature record: CXX_FEATURE:1cxx_digit_separators
    Feature record: CXX_FEATURE:1cxx_enum_forward_declarations
    Feature record: CXX_FEATURE:1cxx_explicit_conversions
    Feature record: CXX_FEATURE:1cxx_extended_friend_declarations
    Feature record: CXX_FEATURE:1cxx_extern_templates
    Feature record: CXX_FEATURE:1cxx_final
    Feature record: CXX_FEATURE:1cxx_func_identifier
    Feature record: CXX_FEATURE:1cxx_generalized_initializers
    Feature record: CXX_FEATURE:1cxx_generic_lambdas
    Feature record: CXX_FEATURE:1cxx_inheriting_constructors
    Feature record: CXX_FEATURE:1cxx_inline_namespaces
    Feature record: CXX_FEATURE:1cxx_lambdas
    Feature record: CXX_FEATURE:1cxx_lambda_init_captures
    Feature record: CXX_FEATURE:1cxx_local_type_template_args
    Feature record: CXX_FEATURE:1cxx_long_long_type
    Feature record: CXX_FEATURE:1cxx_noexcept
    Feature record: CXX_FEATURE:1cxx_nonstatic_member_init
    Feature record: CXX_FEATURE:1cxx_nullptr
    Feature record: CXX_FEATURE:1cxx_override
    Feature record: CXX_FEATURE:1cxx_range_for
    Feature record: CXX_FEATURE:1cxx_raw_string_literals
    Feature record: CXX_FEATURE:1cxx_reference_qualified_functions
    Feature record: CXX_FEATURE:1cxx_relaxed_constexpr
    Feature record: CXX_FEATURE:1cxx_return_type_deduction
    Feature record: CXX_FEATURE:1cxx_right_angle_brackets
    Feature record: CXX_FEATURE:1cxx_rvalue_references
    Feature record: CXX_FEATURE:1cxx_sizeof_member
    Feature record: CXX_FEATURE:1cxx_static_assert
    Feature record: CXX_FEATURE:1cxx_strong_enums
    Feature record: CXX_FEATURE:1cxx_template_template_parameters
    Feature record: CXX_FEATURE:1cxx_thread_local
    Feature record: CXX_FEATURE:1cxx_trailing_return_types
    Feature record: CXX_FEATURE:1cxx_unicode_literals
    Feature record: CXX_FEATURE:1cxx_uniform_initialization
    Feature record: CXX_FEATURE:1cxx_unrestricted_unions
    Feature record: CXX_FEATURE:1cxx_user_literals
    Feature record: CXX_FEATURE:1cxx_variable_templates
    Feature record: CXX_FEATURE:1cxx_variadic_macros
    Feature record: CXX_FEATURE:1cxx_variadic_templates


Detecting CXX [-std=c++11] compiler features compiled with the following output:
Change Dir: /Users/lishixuan/Documents/Classes/CS 184/Projects/CS_184_Final_Project/build/CMakeFiles/CMakeTmp

Run Build Command:"/usr/bin/make" "cmTC_8221e/fast"
/Library/Developer/CommandLineTools/usr/bin/make -f CMakeFiles/cmTC_8221e.dir/build.make CMakeFiles/cmTC_8221e.dir/build
Building CXX object CMakeFiles/cmTC_8221e.dir/feature_tests.cxx.o
/Library/Developer/CommandLineTools/usr/bin/c++    -std=c++11 -o CMakeFiles/cmTC_8221e.dir/feature_tests.cxx.o -c "/Users/lishixuan/Documents/Classes/CS 184/Projects/CS_184_Final_Project/build/CMakeFiles/feature_tests.cxx"
Linking CXX executable cmTC_8221e
/usr/local/Cellar/cmake/3.10.2/bin/cmake -E cmake_link_script CMakeFiles/cmTC_8221e.dir/link.txt --verbose=1
/Library/Developer/CommandLineTools/usr/bin/c++    -Wl,-search_paths_first -Wl,-headerpad_max_install_names   CMakeFiles/cmTC_8221e.dir/feature_tests.cxx.o  -o cmTC_8221e 


    Feature record: CXX_FEATURE:0cxx_aggregate_default_initializers
    Feature record: CXX_FEATURE:1cxx_alias_templates
    Feature record: CXX_FEATURE:1cxx_alignas
    Feature record: CXX_FEATURE:1cxx_alignof
    Feature record: CXX_FEATURE:1cxx_attributes
    Feature record: CXX_FEATURE:0cxx_attribute_deprecated
    Feature record: CXX_FEATURE:1cxx_auto_type
    Feature record: CXX_FEATURE:0cxx_binary_literals
    Feature record: CXX_FEATURE:1cxx_constexpr
    Feature record: CXX_FEATURE:0cxx_contextual_conversions
    Feature record: CXX_FEATURE:1cxx_decltype
    Feature record: CXX_FEATURE:0cxx_decltype_auto
    Feature record: CXX_FEATURE:1cxx_decltype_incomplete_return_types
    Feature record: CXX_FEATURE:1cxx_default_function_template_args
    Feature record: CXX_FEATURE:1cxx_defaulted_functions
    Feature record: CXX_FEATURE:1cxx_defaulted_move_initializers
    Feature record: CXX_FEATURE:1cxx_delegating_constructors
    Feature record: CXX_FEATURE:1cxx_deleted_functions
    Feature record: CXX_FEATURE:0cxx_digit_separators
    Feature record: CXX_FEATURE:1cxx_enum_forward_declarations
    Feature record: CXX_FEATURE:1cxx_explicit_conversions
    Feature record: CXX_FEATURE:1cxx_extended_friend_declarations
    Feature record: CXX_FEATURE:1cxx_extern_templates
    Feature record: CXX_FEATURE:1cxx_final
    Feature record: CXX_FEATURE:1cxx_func_identifier
    Feature record: CXX_FEATURE:1cxx_generalized_initializers
    Feature record: CXX_FEATURE:0cxx_generic_lambdas
    Feature record: CXX_FEATURE:1cxx_inheriting_constructors
    Feature record: CXX_FEATURE:1cxx_inline_namespaces
    Feature record: CXX_FEATURE:1cxx_lambdas
    Feature record: CXX_FEATURE:0cxx_lambda_init_captures
    Feature record: CXX_FEATURE:1cxx_local_type_template_args
    Feature record: CXX_FEATURE:1cxx_long_long_type
    Feature record: CXX_FEATURE:1cxx_noexcept
    Feature record: CXX_FEATURE:1cxx_nonstatic_member_init
    Feature record: CXX_FEATURE:1cxx_nullptr
    Feature record: CXX_FEATURE:1cxx_override
    Feature record: CXX_FEATURE:1cxx_range_for
    Feature record: CXX_FEATURE:1cxx_raw_string_literals
    Feature record: CXX_FEATURE:1cxx_reference_qualified_functions
    Feature record: CXX_FEATURE:0cxx_relaxed_constexpr
    Feature record: CXX_FEATURE:0cxx_return_type_deduction
    Feature record: CXX_FEATURE:1cxx_right_angle_brackets
    Feature record: CXX_FEATURE:1cxx_rvalue_references
    Feature record: CXX_FEATURE:1cxx_sizeof_member
    Feature record: CXX_FEATURE:1cxx_static_assert
    Feature record: CXX_FEATURE:1cxx_strong_enums
    Feature record: CXX_FEATURE:1cxx_template_template_parameters
    Feature record: CXX_FEATURE:1cxx_thread_local
    Feature record: CXX_FEATURE:1cxx_trailing_return_types
    Feature record: CXX_FEATURE:1cxx_unicode_literals
    Feature record: CXX_FEATURE:1cxx_uniform_initialization
    Feature record: CXX_FEATURE:1cxx_unrestricted_unions
    Feature record: CXX_FEATURE:1cxx_user_literals
    Feature record: CXX_FEATURE:0cxx_variable_templates
    Feature record: CXX_FEATURE:1cxx_variadic_macros
    Feature record: CXX_FEATURE:1cxx_variadic_templates


Detecting CXX [-std=c++98] compiler features compiled with the following output:
Change Dir: /Users/lishixuan/Documents/Classes/CS 184/Projects/CS_184_Final_Project/build/CMakeFiles/CMakeTmp

Run Build Command:"/usr/bin/make" "cmTC_b1b41/fast"
/Library/Developer/CommandLineTools/usr/bin/make -f CMakeFiles/cmTC_b1b41.dir/build.make CMakeFiles/cmTC_b1b41.dir/build
Building CXX object CMakeFiles/cmTC_b1b41.dir/feature_tests.cxx.o
/Library/Developer/CommandLineTools/usr/bin/c++    -std=c++98 -o CMakeFiles/cmTC_b1b41.dir/feature_tests.cxx.o -c "/Users/lishixuan/Documents/Classes/CS 184/Projects/CS_184_Final_Project/build/CMakeFiles/feature_tests.cxx"
Linking CXX executable cmTC_b1b41
/usr/local/Cellar/cmake/3.10.2/bin/cmake -E cmake_link_script CMakeFiles/cmTC_b1b41.dir/link.txt --verbose=1
/Library/Developer/CommandLineTools/usr/bin/c++    -Wl,-search_paths_first -Wl,-headerpad_max_install_names   CMakeFiles/cmTC_b1b41.dir/feature_tests.cxx.o  -o cmTC_b1b41 


    Feature record: CXX_FEATURE:0cxx_aggregate_default_initializers
    Feature record: CXX_FEATURE:0cxx_alias_templates
    Feature record: CXX_FEATURE:0cxx_alignas
    Feature record: CXX_FEATURE:0cxx_alignof
    Feature record: CXX_FEATURE:0cxx_attributes
    Feature record: CXX_FEATURE:0cxx_attribute_deprecated
    Feature record: CXX_FEATURE:0cxx_auto_type
    Feature record: CXX_FEATURE:0cxx_binary_literals
    Feature record: CXX_FEATURE:0cxx_constexpr
    Feature record: CXX_FEATURE:0cxx_contextual_conversions
    Feature record: CXX_FEATURE:0cxx_decltype
    Feature record: CXX_FEATURE:0cxx_decltype_auto
    Feature record: CXX_FEATURE:0cxx_decltype_incomplete_return_types
    Feature record: CXX_FEATURE:0cxx_default_function_template_args
    Feature record: CXX_FEATURE:0cxx_defaulted_functions
    Feature record: CXX_FEATURE:0cxx_defaulted_move_initializers
    Feature record: CXX_FEATURE:0cxx_delegating_constructors
    Feature record: CXX_FEATURE:0cxx_deleted_functions
    Feature record: CXX_FEATURE:0cxx_digit_separators
    Feature record: CXX_FEATURE:0cxx_enum_forward_declarations
    Feature record: CXX_FEATURE:0cxx_explicit_conversions
    Feature record: CXX_FEATURE:0cxx_extended_friend_declarations
    Feature record: CXX_FEATURE:0cxx_extern_templates
    Feature record: CXX_FEATURE:0cxx_final
    Feature record: CXX_FEATURE:0cxx_func_identifier
    Feature record: CXX_FEATURE:0cxx_generalized_initializers
    Feature record: CXX_FEATURE:0cxx_generic_lambdas
    Feature record: CXX_FEATURE:0cxx_inheriting_constructors
    Feature record: CXX_FEATURE:0cxx_inline_namespaces
    Feature record: CXX_FEATURE:0cxx_lambdas
    Feature record: CXX_FEATURE:0cxx_lambda_init_captures
    Feature record: CXX_FEATURE:0cxx_local_type_template_args
    Feature record: CXX_FEATURE:0cxx_long_long_type
    Feature record: CXX_FEATURE:0cxx_noexcept
    Feature record: CXX_FEATURE:0cxx_nonstatic_member_init
    Feature record: CXX_FEATURE:0cxx_nullptr
    Feature record: CXX_FEATURE:0cxx_override
    Feature record: CXX_FEATURE:0cxx_range_for
    Feature record: CXX_FEATURE:0cxx_raw_string_literals
    Feature record: CXX_FEATURE:0cxx_reference_qualified_functions
    Feature record: CXX_FEATURE:0cxx_relaxed_constexpr
    Feature record: CXX_FEATURE:0cxx_return_type_deduction
    Feature record: CXX_FEATURE:0cxx_right_angle_brackets
    Feature record: CXX_FEATURE:0cxx_rvalue_references
    Feature record: CXX_FEATURE:0cxx_sizeof_member
    Feature record: CXX_FEATURE:0cxx_static_assert
    Feature record: CXX_FEATURE:0cxx_strong_enums
    Feature record: CXX_FEATURE:1cxx_template_template_parameters
    Feature record: CXX_FEATURE:0cxx_thread_local
    Feature record: CXX_FEATURE:0cxx_trailing_return_types
    Feature record: CXX_FEATURE:0cxx_unicode_literals
    Feature record: CXX_FEATURE:0cxx_uniform_initialization
    Feature record: CXX_FEATURE:0cxx_unrestricted_unions
    Feature record: CXX_FEATURE:0cxx_user_literals
    Feature record: CXX_FEATURE:0cxx_variable_templates
    Feature record: CXX_FEATURE:0cxx_variadic_macros
    Feature record: CXX_FEATURE:0cxx_variadic_templates
Determining if the include file pthread.h exists passed with the following output:
Change Dir: /Users/lishixuan/Documents/Classes/CS 184/Projects/CS_184_Final_Project/build/CMakeFiles/CMakeTmp

Run Build Command:"/usr/bin/make" "cmTC_13bdb/fast"
/Library/Developer/CommandLineTools/usr/bin/make -f CMakeFiles/cmTC_13bdb.dir/build.make CMakeFiles/cmTC_13bdb.dir/build
Building C object CMakeFiles/cmTC_13bdb.dir/CheckIncludeFile.c.o
/Library/Developer/CommandLineTools/usr/bin/cc   -Wno-deprecated-declarations    -o CMakeFiles/cmTC_13bdb.dir/CheckIncludeFile.c.o   -c "/Users/lishixuan/Documents/Classes/CS 184/Projects/CS_184_Final_Project/build/CMakeFiles/CMakeTmp/CheckIncludeFile.c"
Linking C executable cmTC_13bdb
/usr/local/Cellar/cmake/3.10.2/bin/cmake -E cmake_link_script CMakeFiles/cmTC_13bdb.dir/link.txt --verbose=1
/Library/Developer/CommandLineTools/usr/bin/cc  -Wno-deprecated-declarations  -Wl,-search_paths_first -Wl,-headerpad_max_install_names   CMakeFiles/cmTC_13bdb.dir/CheckIncludeFile.c.o  -o cmTC_13bdb 


Determining if the pthread_create exist passed with the following output:
Change Dir: /Users/lishixuan/Documents/Classes/CS 184/Projects/CS_184_Final_Project/build/CMakeFiles/CMakeTmp

Run Build Command:"/usr/bin/make" "cmTC_b10af/fast"
/Library/Developer/CommandLineTools/usr/bin/make -f CMakeFiles/cmTC_b10af.dir/build.make CMakeFiles/cmTC_b10af.dir/build
Building C object CMakeFiles/cmTC_b10af.dir/CheckSymbolExists.c.o
/Library/Developer/CommandLineTools/usr/bin/cc   -Wno-deprecated-declarations    -o CMakeFiles/cmTC_b10af.dir/CheckSymbolExists.c.o   -c "/Users/lishixuan/Documents/Classes/CS 184/Projects/CS_184_Final_Project/build/CMakeFiles/CMakeTmp/CheckSymbolExists.c"
Linking C executable cmTC_b10af
/usr/local/Cellar/cmake/3.10.2/bin/cmake -E cmake_link_script CMakeFiles/cmTC_b10af.dir/link.txt --verbose=1
/Library/Developer/CommandLineTools/usr/bin/cc  -Wno-deprecated-declarations  -Wl,-search_paths_first -Wl,-headerpad_max_install_names   CMakeFiles/cmTC_b10af.dir/CheckSymbolExists.c.o  -o cmTC_b10af 

File /Users/lishixuan/Documents/Classes/CS 184/Projects/CS_184_Final_Project/build/CMakeFiles/CMakeTmp/CheckSymbolExists.c:
/* */
#include <pthread.h>

int main(int argc, char** argv)
{
  (void)argv;
#ifndef pthread_create
  return ((int*)(&pthread_create))[argc];
#else
  (void)argc;
  return 0;
#endif
}

Performing C++ SOURCE FILE Test HAS_CPP14_FLAG succeeded with the following output:
Change Dir: /Users/lishixuan/Documents/Classes/CS 184/Projects/CS_184_Final_Project/build/CMakeFiles/CMakeTmp

Run Build Command:"/usr/bin/make" "cmTC_1f048/fast"
/Library/Developer/CommandLineTools/usr/bin/make -f CMakeFiles/cmTC_1f048.dir/build.make CMakeFiles/cmTC_1f048.dir/build
Building CXX object CMakeFiles/cmTC_1f048.dir/src.cxx.o
/Library/Developer/CommandLineTools/usr/bin/c++    -std=c++11 -m64 -g -Wall -Wextra -DHAS_CPP14_FLAG   -std=c++14 -o CMakeFiles/cmTC_1f048.dir/src.cxx.o -c "/Users/lishixuan/Documents/Classes/CS 184/Projects/CS_184_Final_Project/build/CMakeFiles/CMakeTmp/src.cxx"
Linking CXX executable cmTC_1f048
/usr/local/Cellar/cmake/3.10.2/bin/cmake -E cmake_link_script CMakeFiles/cmTC_1f048.dir/link.txt --verbose=1
/Library/Developer/CommandLineTools/usr/bin/c++   -std=c++11 -m64 -g -Wall -Wextra -DHAS_CPP14_FLAG -Wl,-search_paths_first -Wl,-headerpad_max_install_names   CMakeFiles/cmTC_1f048.dir/src.cxx.o  -o cmTC_1f048 

Source file was:
int main() { return 0; }
Performing C++ SOURCE FILE Test HAS_CPP11_FLAG succeeded with the following output:
Change Dir: /Users/lishixuan/Documents/Classes/CS 184/Projects/CS_184_Final_Project/build/CMakeFiles/CMakeTmp

Run Build Command:"/usr/bin/make" "cmTC_ec26f/fast"
/Library/Developer/CommandLineTools/usr/bin/make -f CMakeFiles/cmTC_ec26f.dir/build.make CMakeFiles/cmTC_ec26f.dir/build
Building CXX object CMakeFiles/cmTC_ec26f.dir/src.cxx.o
/Library/Developer/CommandLineTools/usr/bin/c++    -std=c++11 -m64 -g -Wall -Wextra -DHAS_CPP11_FLAG   -std=c++11 -o CMakeFiles/cmTC_ec26f.dir/src.cxx.o -c "/Users/lishixuan/Documents/Classes/CS 184/Projects/CS_184_Final_Project/build/CMakeFiles/CMakeTmp/src.cxx"
Linking CXX executable cmTC_ec26f
/usr/local/Cellar/cmake/3.10.2/bin/cmake -E cmake_link_script CMakeFiles/cmTC_ec26f.dir/link.txt --verbose=1
/Library/Developer/CommandLineTools/usr/bin/c++   -std=c++11 -m64 -g -Wall -Wextra -DHAS_CPP11_FLAG -Wl,-search_paths_first -Wl,-headerpad_max_install_names   CMakeFiles/cmTC_ec26f.dir/src.cxx.o  -o cmTC_ec26f 

Source file was:
int main() { return 0; }
Performing C++ SOURCE FILE Test HAS_LIBCPP succeeded with the following output:
Change Dir: /Users/lishixuan/Documents/Classes/CS 184/Projects/CS_184_Final_Project/build/CMakeFiles/CMakeTmp

Run Build Command:"/usr/bin/make" "cmTC_732cc/fast"
/Library/Developer/CommandLineTools/usr/bin/make -f CMakeFiles/cmTC_732cc.dir/build.make CMakeFiles/cmTC_732cc.dir/build
Building CXX object CMakeFiles/cmTC_732cc.dir/src.cxx.o
/Library/Developer/CommandLineTools/usr/bin/c++    -std=c++11 -m64 -g -Wall -Wextra -std=c++14 -DHAS_LIBCPP -stdlib=libc++   -o CMakeFiles/cmTC_732cc.dir/src.cxx.o -c "/Users/lishixuan/Documents/Classes/CS 184/Projects/CS_184_Final_Project/build/CMakeFiles/CMakeTmp/src.cxx"
/Users/lishixuan/Documents/Classes/CS 184/Projects/CS_184_Final_Project/build/CMakeFiles/CMakeTmp/src.cxx:1:14: warning: unused parameter 'argc' [-Wunused-parameter]
int main(int argc, char **argv) { return 0; }
             ^
/Users/lishixuan/Documents/Classes/CS 184/Projects/CS_184_Final_Project/build/CMakeFiles/CMakeTmp/src.cxx:1:27: warning: unused parameter 'argv' [-Wunused-parameter]
int main(int argc, char **argv) { return 0; }
                          ^
2 warnings generated.
Linking CXX executable cmTC_732cc
/usr/local/Cellar/cmake/3.10.2/bin/cmake -E cmake_link_script CMakeFiles/cmTC_732cc.dir/link.txt --verbose=1
/Library/Developer/CommandLineTools/usr/bin/c++   -std=c++11 -m64 -g -Wall -Wextra -std=c++14 -DHAS_LIBCPP -stdlib=libc++ -Wl,-search_paths_first -Wl,-headerpad_max_install_names   CMakeFiles/cmTC_732cc.dir/src.cxx.o  -o cmTC_732cc -stdlib=libc++ 

Return value: 1
Source file was:
int main(int argc, char **argv) { return 0; }
Performing C++ SOURCE FILE Test HAS_LIBCPPABI succeeded with the following output:
Change Dir: /Users/lishixuan/Documents/Classes/CS 184/Projects/CS_184_Final_Project/build/CMakeFiles/CMakeTmp

Run Build Command:"/usr/bin/make" "cmTC_5adca/fast"
/Library/Developer/CommandLineTools/usr/bin/make -f CMakeFiles/cmTC_5adca.dir/build.make CMakeFiles/cmTC_5adca.dir/build
Building CXX object CMakeFiles/cmTC_5adca.dir/src.cxx.o
/Library/Developer/CommandLineTools/usr/bin/c++    -std=c++11 -m64 -g -Wall -Wextra -std=c++14 -stdlib=libc++ -DHAS_LIBCPPABI -stdlib=libc++   -o CMakeFiles/cmTC_5adca.dir/src.cxx.o -c "/Users/lishixuan/Documents/Classes/CS 184/Projects/CS_184_Final_Project/build/CMakeFiles/CMakeTmp/src.cxx"
/Users/lishixuan/Documents/Classes/CS 184/Projects/CS_184_Final_Project/build/CMakeFiles/CMakeTmp/src.cxx:1:14: warning: unused parameter 'argc' [-Wunused-parameter]
int main(int argc, char **argv) { return 0; }
             ^
/Users/lishixuan/Documents/Classes/CS 184/Projects/CS_184_Final_Project/build/CMakeFiles/CMakeTmp/src.cxx:1:27: warning: unused parameter 'argv' [-Wunused-parameter]
int main(int argc, char **argv) { return 0; }
                          ^
2 warnings generated.
Linking CXX executable cmTC_5adca
/usr/local/Cellar/cmake/3.10.2/bin/cmake -E cmake_link_script CMakeFiles/cmTC_5adca.dir/link.txt --verbose=1
/Library/Developer/CommandLineTools/usr/bin/c++   -std=c++11 -m64 -g -Wall -Wextra -std=c++14 -stdlib=libc++ -DHAS_LIBCPPABI -stdlib=libc++ -Wl,-search_paths_first -Wl,-headerpad_max_install_names   CMakeFiles/cmTC_5adca.dir/src.cxx.o  -o cmTC_5adca -stdlib=libc++ -lc++abi 

Return value: 1
Source file was:
int main(int argc, char **argv) { return 0; }
